$AWR Design Environment
$Version 19.05 19471 Rev1 (7224fa659483863ab5325f02c1a51698eaf24414)
$Export time : Fri Jun 26 09:39:17 2026
$Export Format: DXF
$Export File Name: C:/Users/tassi/git/MWT-Miniprojekt/project/MW-Office/5GHz Rat Race Ickling.dxf

Error: Cell name "smaconnector_slim:peiklib" contains invalid characters
Error: Cell name "smaconnector_slim:peiklib" contains invalid characters
Error: Cell name "smaconnector_slim:peiklib" contains invalid characters
Error: Cell name "smaconnector_slim:peiklib" contains invalid characters


Statistics Of Layers

Drawing Layer    File Layer    Layer DataType Rects Polygons  Paths Ellipses Texts Pins Drillholes
--------------------------------------------------------------------------------------------------
14_0             14_0            27        0     0         4     0        0     0    0         0
15_0             15_0            26        0     0         8     0        0     0    0         0
16_0             16_0            28        0     0         4     0        0     0    0         0
17_0             17_0            29        0     0         8     0        0     0    0         0
99_1             99_1            30        0     0         0     0        0     0    0         0
Annotation       Annotation      12        0     0         0     0        0     0    0         0
Copper           Copper           2        0     0        24     0        0     0    0         0
Leads            Leads            5        0     0         4     0        0     0    0         0
SolderMask       SolderMask       6        0     0        12     0        0     0    0         0


Summary Of Objects
------------------
         0 Rects     
        64 Polygons  
         0 Paths     
         0 Texts     
         0 Ellipses  
         0 Instances 
         0 Arrays    
         0 Pins      
         0 Drillholes


Export Options
--------------
Cell library name: 5GHz Rat Race Ickling
Database unit per DXF unit(nm): 1000000
Database unit size (nm):: 1
Draw path as polygon: 1
Export pcell instances as cells: 0
Export subcircuits as cells: 1
Flatten cell hierarchy: 1
Merge polygons on the +/- layers: 1
Replace illegal characters in cell and layer names: 0
Skip faces and draw pins as polygons: 1
Union polygons on the same layer: 0
Write Cell using cached geometry: 0
Write out pcell parameter maps: 0


*** There were 4 warning and 0 error messages ***

